<?xml version="1.0" encoding="UTF-8"?>
<!-- Generated by org.testng.reporters.JUnitReportReporter -->
<testsuite hostname="Venkatesh-Laptop" failures="0" tests="1" name="Testcases.ExcelStatusFill" time="0.093" errors="0" timestamp="2022-09-14T19:16:04 IST" skipped="0">
  <testcase classname="Testcases.ExcelStatusFill" name="f" time="0.093"/>
  <system-out/>
</testsuite> <!-- Testcases.ExcelStatusFill -->
