<?xml version="1.0" encoding="UTF-8"?>
<!-- Generated by org.testng.reporters.JUnitReportReporter -->
<testsuite hostname="Venkatesh-Laptop" failures="0" tests="1" name="Testcases.GetSingleUser" time="1.487" errors="0" timestamp="2022-09-19T15:31:11 IST" skipped="0">
  <testcase classname="Testcases.GetSingleUser" name="f" time="1.487"/>
  <system-out/>
</testsuite> <!-- Testcases.GetSingleUser -->
