<?xml version="1.0" encoding="UTF-8"?>
<!-- Generated by org.testng.reporters.JUnitReportReporter -->
<testsuite hostname="Venkatesh-Laptop" failures="0" tests="1" name="Testcases.GetUsersList" time="1.223" errors="0" timestamp="2022-09-14T09:51:18 IST" skipped="0">
  <testcase classname="Testcases.GetUsersList" name="f" time="1.223"/>
  <system-out/>
</testsuite> <!-- Testcases.GetUsersList -->
