<?xml version="1.0" encoding="UTF-8"?>
<!-- Generated by org.testng.reporters.JUnitReportReporter -->
<testsuite hostname="Venkatesh-Laptop" failures="0" tests="1" name="Testcases.PostLoginUser" time="0.795" errors="0" timestamp="2022-09-19T15:31:11 IST" skipped="0">
  <testcase classname="Testcases.PostLoginUser" name="f" time="0.795"/>
  <system-out/>
</testsuite> <!-- Testcases.PostLoginUser -->
