<?xml version="1.0" encoding="UTF-8"?>
<!-- Generated by org.testng.reporters.JUnitReportReporter -->
<testsuite hostname="Venkatesh-Laptop" failures="0" tests="1" name="Testcases.CreateUser" time="3.303" errors="0" timestamp="2022-09-12T16:04:40 IST" skipped="0">
  <testcase classname="Testcases.CreateUser" name="f" time="3.303"/>
  <system-out/>
</testsuite> <!-- Testcases.CreateUser -->
