<?xml version="1.0" encoding="UTF-8"?>
<!-- Generated by org.testng.reporters.JUnitReportReporter -->
<testsuite hostname="Venkatesh-Laptop" failures="0" tests="1" name="Testcases.PatchUserInvalid" time="5.300" errors="0" timestamp="2022-09-19T14:54:38 IST" skipped="0">
  <testcase classname="Testcases.PatchUserInvalid" name="f" time="5.300"/>
  <system-out/>
</testsuite> <!-- Testcases.PatchUserInvalid -->
