<?xml version="1.0" encoding="UTF-8"?>
<!-- Generated by org.testng.reporters.JUnitReportReporter -->
<testsuite hostname="Venkatesh-Laptop" failures="0" tests="1" name="Testcases.GetAllUsers" time="1.481" errors="0" timestamp="2022-09-19T15:31:11 IST" skipped="0">
  <testcase classname="Testcases.GetAllUsers" name="f" time="1.481"/>
  <system-out/>
</testsuite> <!-- Testcases.GetAllUsers -->
