<?xml version="1.0" encoding="UTF-8"?>
<!-- Generated by org.testng.reporters.JUnitReportReporter -->
<testsuite hostname="Venkatesh-Laptop" failures="0" tests="1" name="Testcases.GetSingleResource" time="0.422" errors="0" timestamp="2022-09-19T15:31:11 IST" skipped="0">
  <testcase classname="Testcases.GetSingleResource" name="f" time="0.422"/>
  <system-out/>
</testsuite> <!-- Testcases.GetSingleResource -->
