<?xml version="1.0" encoding="UTF-8"?>
<!-- Generated by org.testng.reporters.JUnitReportReporter -->
<testsuite hostname="Venkatesh-Laptop" failures="0" tests="1" name="Testcases.PostUnameIncorrectPswrdCorrectLogin" time="0.987" errors="0" timestamp="19 Sep 2022 11:06:18 GMT" skipped="0">
  <testcase classname="Testcases.PostUnameIncorrectPswrdCorrectLogin" name="f" time="0.987"/>
</testsuite> <!-- Testcases.PostUnameIncorrectPswrdCorrectLogin -->
