<?xml version="1.0" encoding="UTF-8"?>
<!-- Generated by org.testng.reporters.JUnitReportReporter -->
<testsuite hostname="Venkatesh-Laptop" failures="0" tests="1" name="Testcases.PostLoginUser" time="1.018" errors="0" timestamp="19 Sep 2022 11:06:18 GMT" skipped="0">
  <testcase classname="Testcases.PostLoginUser" name="f" time="1.018"/>
</testsuite> <!-- Testcases.PostLoginUser -->
